<?xml version="1.0" encoding="UTF-8"?>
<!-- Generated by org.testng.reporters.JUnitReportReporter -->
<testsuite hostname="DESKTOP-8VO5TDQ" failures="0" tests="3" name="NewPrasanna.TestComponents.RegisterPageTest" time="50.232" errors="0" timestamp="2024-05-25T12:41:04 IST" skipped="0">
  <testcase classname="NewPrasanna.TestComponents.RegisterPageTest" name="wrongdetails" time="13.323"/>
  <system-out/>
  <testcase classname="NewPrasanna.TestComponents.RegisterPageTest" name="waringsTest" time="14.964"/>
  <system-out/>
  <testcase classname="NewPrasanna.TestComponents.RegisterPageTest" name="registerTestCase1" time="21.945"/>
  <system-out/>
</testsuite> <!-- NewPrasanna.TestComponents.RegisterPageTest -->
