<?xml version="1.0" encoding="UTF-8"?>
<!-- Generated by org.testng.reporters.JUnitReportReporter -->
<testsuite hostname="DESKTOP-8VO5TDQ" failures="0" tests="5" name="NewPrasanna.TestComponents.LoginPage" time="144.382" errors="0" timestamp="2024-05-25T12:47:25 IST" skipped="0">
  <testcase classname="NewPrasanna.TestComponents.LoginPage" name="mainTest" time="43.463"/>
  <system-out/>
  <testcase classname="NewPrasanna.TestComponents.LoginPage" name="mainTest" time="50.089"/>
  <system-out/>
  <testcase classname="NewPrasanna.TestComponents.LoginPage" name="EnterWrongLogins" time="14.325"/>
  <system-out/>
  <testcase classname="NewPrasanna.TestComponents.LoginPage" name="EnterloginDetails" time="15.691"/>
  <system-out/>
  <testcase classname="NewPrasanna.TestComponents.LoginPage" name="EnterloginDetails" time="20.814"/>
  <system-out/>
</testsuite> <!-- NewPrasanna.TestComponents.LoginPage -->
